<?xml version="1.0" encoding="UTF-8"?>
<testng-results ignored="0" total="1" passed="1" failed="0" skipped="0">
  <reporter-output>
  </reporter-output>
  <suite started-at="2021-06-23T23:47:15 CDT" name="DocuSignRoomsSuite" finished-at="2021-06-23T23:47:37 CDT" duration-ms="21550">
    <groups>
    </groups>
    <test started-at="2021-06-23T23:47:15 CDT" name="DocuSignVerifyRooms" finished-at="2021-06-23T23:47:37 CDT" duration-ms="21550">
      <class name="com.SeleniumTests.DocuSignRoomsAssignment">
        <test-method signature="verifyRoomsForRealEstate()[pri:0, instance:com.SeleniumTests.DocuSignRoomsAssignment@2a70a3d8]" started-at="2021-06-23T23:47:15 CDT" name="verifyRoomsForRealEstate" finished-at="2021-06-23T23:47:37 CDT" duration-ms="21522" status="PASS">
          <reporter-output>
          </reporter-output>
        </test-method> <!-- verifyRoomsForRealEstate -->
      </class> <!-- com.SeleniumTests.DocuSignRoomsAssignment -->
    </test> <!-- DocuSignVerifyRooms -->
  </suite> <!-- DocuSignRoomsSuite -->
</testng-results>
