<?xml version="1.0" encoding="UTF-8"?>
<testng-results ignored="0" total="1" passed="1" failed="0" skipped="0">
  <reporter-output>
  </reporter-output>
  <suite started-at="2021-06-20T23:55:34 CDT" name="DocuSignRoomsSuite" finished-at="2021-06-20T23:55:53 CDT" duration-ms="18136">
    <groups>
    </groups>
    <test started-at="2021-06-20T23:55:34 CDT" name="VerifyRooms" finished-at="2021-06-20T23:55:53 CDT" duration-ms="18136">
      <class name="com.SeleniumTests.DocuSignRoomsAssignment">
        <test-method signature="verifyRoomsForRealEstate()[pri:0, instance:com.SeleniumTests.DocuSignRoomsAssignment@120d6fe6]" started-at="2021-06-20T23:55:34 CDT" name="verifyRoomsForRealEstate" finished-at="2021-06-20T23:55:53 CDT" duration-ms="18077" status="PASS">
          <reporter-output>
          </reporter-output>
        </test-method> <!-- verifyRoomsForRealEstate -->
      </class> <!-- com.SeleniumTests.DocuSignRoomsAssignment -->
    </test> <!-- VerifyRooms -->
  </suite> <!-- DocuSignRoomsSuite -->
</testng-results>
